# JRE version: Java(TM) SE Runtime Environment (17.0.1+12) (build 17.0.1+12-LTS-39)
# Java VM: Java HotSpot(TM) 64-Bit Server VM (17.0.1+12-LTS-39, mixed mode, emulated-client, sharing, tiered, compressed oops, compressed class ptrs, g1 gc, windows-amd64)
GC Precious Log:
 CPUs: 8 total, 8 available
 Memory: 7985M
 Large Page Support: Disabled
 NUMA Support: Disabled
 Compressed Oops: Enabled (32-bit)
 Heap Region Size: 1M
 Heap Min Capacity: 8M
 Heap Initial Capacity: 126M
 Heap Max Capacity: 1998M
 Pre-touch: Disabled
 Parallel Workers: 8
 Concurrent Workers: 2
 Concurrent Refinement Workers: 8
 Periodic GC: Disabled
Heap:
 garbage-first heap   total 96256K, used 79587K [0x0000000083200000, 0x0000000100000000)
  region size 1024K, 40 young (40960K), 1 survivors (1024K)
 Metaspace       used 87776K, committed 88576K, reserved 1130496K
  class space    used 12166K, committed 12480K, reserved 1048576K
GC Heap History (20 events):
Event: 933.492 GC heap before
{Heap before GC invocations=25 (full 0):
 garbage-first heap   total 96256K, used 45439K [0x0000000083200000, 0x0000000100000000)
  region size 1024K, 4 young (4096K), 1 survivors (1024K)
 Metaspace       used 87733K, committed 88576K, reserved 1130496K
  class space    used 12156K, committed 12480K, reserved 1048576K
}
Event: 934.573 GC heap after
{Heap after GC invocations=26 (full 0):
 garbage-first heap   total 96256K, used 41428K [0x0000000083200000, 0x0000000100000000)
  region size 1024K, 1 young (1024K), 1 survivors (1024K)
 Metaspace       used 87733K, committed 88576K, reserved 1130496K
  class space    used 12156K, committed 12480K, reserved 1048576K
}
Event: 964.820 GC heap before
{Heap before GC invocations=26 (full 0):
 garbage-first heap   total 96256K, used 44500K [0x0000000083200000, 0x0000000100000000)
  region size 1024K, 4 young (4096K), 1 survivors (1024K)
 Metaspace       used 87733K, committed 88576K, reserved 1130496K
  class space    used 12156K, committed 12480K, reserved 1048576K
}
Event: 964.888 GC heap after
{Heap after GC invocations=27 (full 0):
 garbage-first heap   total 96256K, used 40723K [0x0000000083200000, 0x0000000100000000)
  region size 1024K, 1 young (1024K), 1 survivors (1024K)
 Metaspace       used 87733K, committed 88576K, reserved 1130496K
  class space    used 12156K, committed 12480K, reserved 1048576K
}
Event: 988.974 GC heap before
{Heap before GC invocations=27 (full 0):
 garbage-first heap   total 96256K, used 43795K [0x0000000083200000, 0x0000000100000000)
  region size 1024K, 4 young (4096K), 1 survivors (1024K)
 Metaspace       used 87733K, committed 88576K, reserved 1130496K
  class space    used 12156K, committed 12480K, reserved 1048576K
}
Event: 989.027 GC heap after
{Heap after GC invocations=28 (full 0):
 garbage-first heap   total 96256K, used 40199K [0x0000000083200000, 0x0000000100000000)
  region size 1024K, 1 young (1024K), 1 survivors (1024K)
 Metaspace       used 87733K, committed 88576K, reserved 1130496K
  class space    used 12156K, committed 12480K, reserved 1048576K
}
Event: 1007.332 GC heap before
{Heap before GC invocations=28 (full 0):
 garbage-first heap   total 96256K, used 43271K [0x0000000083200000, 0x0000000100000000)
  region size 1024K, 4 young (4096K), 1 survivors (1024K)
 Metaspace       used 87733K, committed 88576K, reserved 1130496K
  class space    used 12156K, committed 12480K, reserved 1048576K
}
Event: 1007.486 GC heap after
{Heap after GC invocations=29 (full 0):
 garbage-first heap   total 96256K, used 40003K [0x0000000083200000, 0x0000000100000000)
  region size 1024K, 1 young (1024K), 1 survivors (1024K)
 Metaspace       used 87733K, committed 88576K, reserved 1130496K
  class space    used 12156K, committed 12480K, reserved 1048576K
}
Event: 1034.265 GC heap before
{Heap before GC invocations=29 (full 0):
 garbage-first heap   total 96256K, used 42051K [0x0000000083200000, 0x0000000100000000)
  region size 1024K, 4 young (4096K), 1 survivors (1024K)
 Metaspace       used 87733K, committed 88576K, reserved 1130496K
  class space    used 12156K, committed 12480K, reserved 1048576K
}
Event: 1034.267 GC heap after
{Heap after GC invocations=30 (full 0):
 garbage-first heap   total 96256K, used 39985K [0x0000000083200000, 0x0000000100000000)
  region size 1024K, 1 young (1024K), 1 survivors (1024K)
 Metaspace       used 87733K, committed 88576K, reserved 1130496K
  class space    used 12156K, committed 12480K, reserved 1048576K
}
Event: 1095.708 GC heap before
{Heap before GC invocations=30 (full 0):
 garbage-first heap   total 96256K, used 47153K [0x0000000083200000, 0x0000000100000000)
  region size 1024K, 9 young (9216K), 1 survivors (1024K)
 Metaspace       used 87745K, committed 88576K, reserved 1130496K
  class space    used 12159K, committed 12480K, reserved 1048576K
}
Event: 1095.712 GC heap after
{Heap after GC invocations=31 (full 0):
 garbage-first heap   total 96256K, used 40031K [0x0000000083200000, 0x0000000100000000)
  region size 1024K, 1 young (1024K), 1 survivors (1024K)
 Metaspace       used 87745K, committed 88576K, reserved 1130496K
  class space    used 12159K, committed 12480K, reserved 1048576K
}
Event: 1307.366 GC heap before
{Heap before GC invocations=31 (full 0):
 garbage-first heap   total 96256K, used 67679K [0x0000000083200000, 0x0000000100000000)
  region size 1024K, 28 young (28672K), 1 survivors (1024K)
 Metaspace       used 87760K, committed 88576K, reserved 1130496K
  class space    used 12162K, committed 12480K, reserved 1048576K
}
Event: 1307.427 GC heap after
{Heap after GC invocations=32 (full 0):
 garbage-first heap   total 96256K, used 40050K [0x0000000083200000, 0x0000000100000000)
  region size 1024K, 1 young (1024K), 1 survivors (1024K)
 Metaspace       used 87760K, committed 88576K, reserved 1130496K
  class space    used 12162K, committed 12480K, reserved 1048576K
}
Event: 1608.328 GC heap before
{Heap before GC invocations=32 (full 0):
 garbage-first heap   total 96256K, used 82034K [0x0000000083200000, 0x0000000100000000)
  region size 1024K, 42 young (43008K), 1 survivors (1024K)
 Metaspace       used 87775K, committed 88576K, reserved 1130496K
  class space    used 12165K, committed 12480K, reserved 1048576K
}
Event: 1608.342 GC heap after
{Heap after GC invocations=33 (full 0):
 garbage-first heap   total 96256K, used 40653K [0x0000000083200000, 0x0000000100000000)
  region size 1024K, 1 young (1024K), 1 survivors (1024K)
 Metaspace       used 87775K, committed 88576K, reserved 1130496K
  class space    used 12165K, committed 12480K, reserved 1048576K
}
Event: 1927.495 GC heap before
{Heap before GC invocations=33 (full 0):
 garbage-first heap   total 96256K, used 82637K [0x0000000083200000, 0x0000000100000000)
  region size 1024K, 42 young (43008K), 1 survivors (1024K)
 Metaspace       used 87775K, committed 88576K, reserved 1130496K
  class space    used 12165K, committed 12480K, reserved 1048576K
}
Event: 1927.504 GC heap after
{Heap after GC invocations=34 (full 0):
 garbage-first heap   total 96256K, used 40649K [0x0000000083200000, 0x0000000100000000)
  region size 1024K, 1 young (1024K), 1 survivors (1024K)
 Metaspace       used 87775K, committed 88576K, reserved 1130496K
  class space    used 12165K, committed 12480K, reserved 1048576K
}
Event: 2255.953 GC heap before
{Heap before GC invocations=34 (full 0):
 garbage-first heap   total 96256K, used 83657K [0x0000000083200000, 0x0000000100000000)
  region size 1024K, 43 young (44032K), 1 survivors (1024K)
 Metaspace       used 87776K, committed 88576K, reserved 1130496K
  class space    used 12166K, committed 12480K, reserved 1048576K
}
Event: 2255.985 GC heap after
{Heap after GC invocations=35 (full 0):
 garbage-first heap   total 96256K, used 40675K [0x0000000083200000, 0x0000000100000000)
  region size 1024K, 1 young (1024K), 1 survivors (1024K)
 Metaspace       used 87776K, committed 88576K, reserved 1130496K
  class space    used 12166K, committed 12480K, reserved 1048576K
}

